[2025-05-22 06:41:33] - [INFO] - Secret created for flyinnsafuh@gmail.com

[2025-05-22 06:48:55] - [INFO] - Secret created for flyinnsafuh@gmail.com

[2025-05-22 06:56:06] - [ERROR] - User flynnsf1keyz@gmail.com recently authorized a sign in into their account

[2025-05-22 06:56:07] - [ERROR] - Error sending email: getaddrinfo EAI_AGAIN smtp.gmail.com - to flynnsf1keyz@gmail.com

[2025-05-22 06:56:07] - [INFO] - User sign in http://localhost:3000 

[2025-05-22 06:56:46] - [INFO] - Secret created for flynnsf1keyz@gmail.com

[2025-05-22 07:01:55] - [INFO] - Secret created for flynnsf1keyz@gmail.com

[2025-05-22 07:22:49] - [ERROR] - User flynnsf1keyz@gmail.com recently authorized a sign in into their account

[2025-05-22 07:22:49] - [ERROR] - Error sending email: getaddrinfo EAI_AGAIN smtp.gmail.com - to flynnsf1keyz@gmail.com

[2025-05-22 07:22:49] - [INFO] - User sign in http://localhost:3000 

[2025-05-22 12:54:36] - [ERROR] - A failed login attempt was detected for user with email: flynnsf1keyz@gmail.com

[2025-05-22 12:54:36] - [ERROR] - Error sending email: getaddrinfo EAI_AGAIN smtp.gmail.com - to flynnsf1keyz@gmail.com

[2025-05-22 12:54:36] - [INFO] - Error signing in user CallbackRouteError: Invalid email or password. Read more at https://errors.authjs.dev#callbackrouteerror 

[2025-05-22 15:04:11] - [INFO] - Secret created for flyinnsafuh@gmail.com

[2025-05-22 15:04:47] - [INFO] - Secret created for flyinnsafuh@gmail.com

[2025-05-22 15:14:32] - [ERROR] - Error sending email: getaddrinfo EAI_AGAIN smtp.gmail.com - to flyinnsafuh@gmail.com

[2025-05-22 15:14:32] - [ERROR] - User Afuh Flynn Tembeng, flyinnsafuh@gmail.com secrets deleted successfully

[2025-05-22 17:42:14] - [ERROR] - Error sending email: getaddrinfo EAI_AGAIN smtp.gmail.com - to flyinnsafuh@gmail.com

[2025-05-22 17:42:14] - [ERROR] - User Afuh Flynn Tembeng, flyinnsafuh@gmail.com secrets deleted successfully

[2025-05-22 17:42:21] - [ERROR] - Error creating user secret

[2025-05-22 17:50:03] - [INFO] - Secret created for flyinnsafuh@gmail.com

[2025-05-22 18:50:22] - [INFO] - Secret created for flyinnsafuh@gmail.com

[2025-05-22 18:57:00] - [INFO] - Secret created for flyinnsafuh@gmail.com

[2025-05-22 18:58:31] - [INFO] - Secret created for flyinnsafuh@gmail.com

[2025-05-22 19:06:23] - [ERROR] - User flynnsf1keyz@gmail.com recently authorized a sign in into their account

[2025-05-22 19:06:26] - [ERROR] - Error sending email: ENOENT: no such file or directory, open '/home/tembeng/Documents/new_projects/secret-share-app/public/logo.svg' - to flynnsf1keyz@gmail.com

[2025-05-22 19:06:26] - [INFO] - User sign in http://localhost:3000 

[2025-05-22 19:06:54] - [INFO] - Secret created for flynnsf1keyz@gmail.com

[2025-05-22 19:08:35] - [ERROR] - Error sending email: ENOENT: no such file or directory, open '/home/tembeng/Documents/new_projects/secret-share-app/public/logo.svg' - to flynnsf1keyz@gmail.com

[2025-05-22 19:08:35] - [INFO] - User Afuh Tembeng, flynnsf1keyz@gmail.com account email preferences updated

[2025-05-22 19:08:46] - [ERROR] - Error sending email: ENOENT: no such file or directory, open '/home/tembeng/Documents/new_projects/secret-share-app/public/logo.svg' - to flynnsf1keyz@gmail.com

[2025-05-22 19:10:45] - [ERROR] - Email sent successfully! to flynnsf1keyz@gmail.com

[2025-05-22 19:16:17] - [ERROR] - Email sent successfully! to flynnsf1keyz@gmail.com

[2025-05-22 19:17:44] - [ERROR] - Email sent successfully! to flynnsf1keyz@gmail.com

[2025-05-22 19:25:27] - [ERROR] - Error sending email: getaddrinfo EAI_AGAIN smtp.gmail.com - to flynnsf1keyz@gmail.com

[2025-05-22 19:28:39] - [ERROR] - Error sending email: getaddrinfo EAI_AGAIN smtp.gmail.com - to flynnsf1keyz@gmail.com

[2025-05-22 19:38:55] - [ERROR] - [SHARES_GET] Cannot read properties of undefined (reading 'findUnique')

[2025-05-22 19:40:19] - [ERROR] - [SHARES_GET] Cannot read properties of undefined (reading 'findUnique')

[2025-05-22 19:50:43] - [ERROR] - Error creating user secret

[2025-05-22 19:51:36] - [INFO] - Secret created for flynnsf1keyz@gmail.com

[2025-05-22 19:51:59] - [ERROR] - Error sending email: getaddrinfo EAI_AGAIN smtp.gmail.com - to flynnsf1keyz@gmail.com

[2025-05-22 19:52:43] - [INFO] - Secret created for flyinnsafuh@gmail.com

[2025-05-22 19:53:21] - [INFO] - Secret created for flyinnsafuh@gmail.com

[2025-05-22 19:54:32] - [ERROR] - Error sending email: getaddrinfo EAI_AGAIN smtp.gmail.com - to flynnsf1keyz@gmail.com

[2025-05-22 19:59:59] - [INFO] - Secret created for flynnsf1keyz@gmail.com

[2025-05-22 20:00:22] - [ERROR] - Error sending email: getaddrinfo EAI_AGAIN smtp.gmail.com - to flynnsf1keyz@gmail.com

[2025-05-22 20:00:35] - [ERROR] - Error sending email: getaddrinfo EAI_AGAIN smtp.gmail.com - to flynnsf1keyz@gmail.com

[2025-05-24 12:11:05] - [ERROR] - Error sending email from afuhtembeng@gmail.com - to flynnsf1keyz@gmail.com}

[2025-05-24 12:12:21] - [ERROR] - Error sending email from flyinnsafuh@gmail.com - to flynnsf1keyz@gmail.com}

[2025-05-24 12:12:30] - [ERROR] - Error sending email from flyinnsafuh@gmail.com - to flynnsf1keyz@gmail.com}

[2025-05-26 09:53:16] - [INFO] - Secret created for flyinnsafuh@gmail.com

[2025-05-26 09:54:37] - [INFO] - Secret created for flyinnsafuh@gmail.com

[2025-05-26 09:57:51] - [ERROR] - User flynnsf1keyz@gmail.com recently authorized a sign in into their account

[2025-05-26 09:57:51] - [ERROR] - Error sending email: getaddrinfo EAI_AGAIN smtp.gmail.com - to flynnsf1keyz@gmail.com

[2025-05-26 09:57:51] - [INFO] - User sign in http://localhost:3000 

